<?xml version="1.0" encoding="UTF-8"?>
<testsuite xmlns:xsi="http://www.w3.org/2001/XMLSchema-instance" xsi:noNamespaceSchemaLocation="https://maven.apache.org/surefire/maven-surefire-plugin/xsd/surefire-test-report-3.0.xsd" version="3.0" name="org.example.FarToCelTest" time="0.141" tests="4" errors="0" skipped="0" failures="0">
  <properties>
[...]
</properties>
  <testcase name="testFahrenheitToCelsius" classname="org.example.FarToCelTest" time="0.081"/>
  <testcase name="testCelsiusToFahrenheit" classname="org.example.FarToCelTest" time="0.003"/>
  <testcase name="testKelvinToFahrenheit" classname="org.example.FarToCelTest" time="0.002"/>
  <testcase name="testKelvinToCel" classname="org.example.FarToCelTest" time="0.002"/>
</testsuite>